<?xml version="1.0" encoding="UTF-8"?>
<testng-results skipped="0" failed="0" total="2" passed="2">
  <reporter-output>
  </reporter-output>
  <suite name="Default suite" duration-ms="331" started-at="2016-05-04T21:38:48Z" finished-at="2016-05-04T21:38:48Z">
    <groups>
    </groups>
    <test name="Default test" duration-ms="331" started-at="2016-05-04T21:38:48Z" finished-at="2016-05-04T21:38:48Z">
      <class name="MVPTest">
        <test-method status="PASS" signature="testMoveFromLeftToRight()[pri:0, instance:MVPTest@2c9f9fb0]" name="testMoveFromLeftToRight" duration-ms="296" started-at="2016-05-04T23:38:48Z" finished-at="2016-05-04T23:38:48Z">
          <reporter-output>
          </reporter-output>
        </test-method> <!-- testMoveFromLeftToRight -->
        <test-method status="PASS" signature="testRenderLists()[pri:0, instance:MVPTest@2c9f9fb0]" name="testRenderLists" duration-ms="2" started-at="2016-05-04T23:38:48Z" finished-at="2016-05-04T23:38:48Z">
          <reporter-output>
          </reporter-output>
        </test-method> <!-- testRenderLists -->
      </class> <!-- MVPTest -->
    </test> <!-- Default test -->
  </suite> <!-- Default suite -->
</testng-results>
