<?xml version="1.0" encoding="UTF-8"?>
<testng-results skipped="0" failed="0" total="2" passed="2">
  <reporter-output>
  </reporter-output>
  <suite name="Default suite" duration-ms="354" started-at="2016-05-04T23:55:12Z" finished-at="2016-05-04T23:55:12Z">
    <groups>
    </groups>
    <test name="Default test" duration-ms="354" started-at="2016-05-04T23:55:12Z" finished-at="2016-05-04T23:55:12Z">
      <class name="io.kontakt.MVPTest">
        <test-method status="PASS" signature="setUp()[pri:0, instance:io.kontakt.MVPTest@737996a0]" name="setUp" is-config="true" duration-ms="161" started-at="2016-05-05T01:55:12Z" finished-at="2016-05-05T01:55:12Z">
          <reporter-output>
          </reporter-output>
        </test-method> <!-- setUp -->
        <test-method status="PASS" signature="testMoveFromLeftToRight()[pri:0, instance:io.kontakt.MVPTest@737996a0]" name="testMoveFromLeftToRight" duration-ms="159" started-at="2016-05-05T01:55:12Z" finished-at="2016-05-05T01:55:12Z">
          <reporter-output>
          </reporter-output>
        </test-method> <!-- testMoveFromLeftToRight -->
        <test-method status="PASS" signature="testRenderLists()[pri:0, instance:io.kontakt.MVPTest@737996a0]" name="testRenderLists" duration-ms="7" started-at="2016-05-05T01:55:12Z" finished-at="2016-05-05T01:55:12Z">
          <reporter-output>
          </reporter-output>
        </test-method> <!-- testRenderLists -->
      </class> <!-- io.kontakt.MVPTest -->
    </test> <!-- Default test -->
  </suite> <!-- Default suite -->
</testng-results>
